Process 1 started on localhost:11001
Process 1 is now listening for incoming messages.
Process 1 is broadcasting 10 messages.
Process 1 sent message 1-1 to localhost:11001
Process 1 sent message 1-1 to localhost:11002
Process 1 sent message 1-1 to localhost:11003
Process 1 sent message 1-2 to localhost:11001
Process 1 sent message 1-2 to localhost:11002
Process 1 sent message 1-2 to localhost:11003
Process 1 sent message 1-3 to localhost:11001
Process 1 sent message 1-3 to localhost:11002
Process 1 sent message 1-3 to localhost:11003
Process 1 sent message 1-4 to localhost:11001
Process 1 sent message 1-4 to localhost:11002
Process 1 sent message 1-4 to localhost:11003
Process 1 sent message 1-5 to localhost:11001
Process 1 sent message 1-5 to localhost:11002
Process 1 sent message 1-5 to localhost:11003
Process 1 sent message 1-6 to localhost:11001
Process 1 sent message 1-6 to localhost:11002
Process 1 sent message 1-6 to localhost:11003
Process 1 sent message 1-7 to localhost:11001
Process 1 sent message 1-7 to localhost:11002
Process 1 sent message 1-7 to localhost:11003
Process 1 sent message 1-8 to localhost:11001
Process 1 sent message 1-8 to localhost:11002
Process 1 sent message 1-8 to localhost:11003
Process 1 sent message 1-9 to localhost:11001
Process 1 sent message 1-9 to localhost:11002
Process 1 sent message 1-9 to localhost:11003
Process 1 sent message 1-10 to localhost:11001
Process 1 sent message 1-10 to localhost:11002
Process 1 sent message 1-10 to localhost:11003
Process 1 finished broadcasting.
Process 1 sent acknowledgment for message 1-1
Process 1 delivered message 1-1
Process 1 sent acknowledgment for message 1-2
Process 1 delivered message 1-2
Process 1 sent acknowledgment for message 1-3
Process 1 delivered message 1-3
Process 1 sent acknowledgment for message 1-4
Process 1 delivered message 1-4
Process 1 sent acknowledgment for message 1-5
Process 1 delivered message 1-5
Process 1 sent acknowledgment for message 1-6
Process 1 delivered message 1-6
Process 1 sent acknowledgment for message 1-7
Process 1 delivered message 1-7
Process 1 sent acknowledgment for message 1-8
Process 1 delivered message 1-8
Process 1 sent acknowledgment for message 1-9
Process 1 delivered message 1-9
Process 1 sent acknowledgment for message 1-10
Process 1 delivered message 1-10
