Process 3 started on localhost:11003
Process 3 is now listening for incoming messages.
Process 3 is broadcasting 10 messages.
Process 3 sent acknowledgment for message 2-1
Process 3 delivered message 2-1
Process 3 sent acknowledgment for message 2-2
Process 3 delivered message 2-2
Process 3 sent acknowledgment for message 2-3
Process 3 delivered message 2-3
Process 3 sent acknowledgment for message 2-4
Process 3 sent message 3-1 to localhost:11001
Process 3 delivered message 2-4
Process 3 sent message 3-1 to localhost:11002
Process 3 sent acknowledgment for message 2-5
Process 3 delivered message 2-5
Process 3 sent message 3-1 to localhost:11003
Process 3 sent acknowledgment for message 2-6
Process 3 delivered message 2-6
Process 3 sent message 3-2 to localhost:11001
Process 3 sent acknowledgment for message 2-7
Process 3 delivered message 2-7
Process 3 sent message 3-2 to localhost:11002
Process 3 sent acknowledgment for message 2-8
Process 3 delivered message 2-8
Process 3 sent message 3-2 to localhost:11003
Process 3 sent acknowledgment for message 2-9
Process 3 delivered message 2-9
Process 3 sent message 3-3 to localhost:11001
Process 3 sent message 3-3 to localhost:11002
Process 3 sent acknowledgment for message 2-10
Process 3 delivered message 2-10
Process 3 sent message 3-3 to localhost:11003
Process 3 sent acknowledgment for message 3-1
Process 3 sent message 3-4 to localhost:11001
Process 3 sent message 3-4 to localhost:11002
Process 3 sent message 3-4 to localhost:11003
Process 3 sent message 3-5 to localhost:11001
Process 3 sent message 3-5 to localhost:11002
Process 3 sent message 3-5 to localhost:11003
Process 3 sent message 3-6 to localhost:11001
Process 3 sent message 3-6 to localhost:11002
Process 3 sent message 3-6 to localhost:11003
Process 3 sent message 3-7 to localhost:11001
Process 3 sent message 3-7 to localhost:11002
Process 3 sent message 3-7 to localhost:11003
Process 3 sent message 3-8 to localhost:11001
Process 3 sent message 3-8 to localhost:11002
Process 3 sent message 3-8 to localhost:11003
Process 3 sent message 3-9 to localhost:11001
Process 3 sent message 3-9 to localhost:11002
Process 3 sent message 3-9 to localhost:11003
Process 3 sent message 3-10 to localhost:11001
Process 3 sent message 3-10 to localhost:11002
Process 3 sent message 3-10 to localhost:11003
Process 3 finished broadcasting.
