Process 2 started on localhost:11002
Process 2 is now listening for incoming messages.
Process 2 is broadcasting 10 messages.
Process 2 sent message 2-1 to localhost:11001
Process 2 sent message 2-1 to localhost:11002
Process 2 sent message 2-1 to localhost:11003
Process 2 sent message 2-2 to localhost:11001
Process 2 sent message 2-2 to localhost:11002
Process 2 sent message 2-2 to localhost:11003
Process 2 sent message 2-3 to localhost:11001
Process 2 sent message 2-3 to localhost:11002
Process 2 sent message 2-3 to localhost:11003
Process 2 sent message 2-4 to localhost:11001
Process 2 sent message 2-4 to localhost:11002
Process 2 sent message 2-4 to localhost:11003
Process 2 sent message 2-5 to localhost:11001
Process 2 sent message 2-5 to localhost:11002
Process 2 sent message 2-5 to localhost:11003
Process 2 sent message 2-6 to localhost:11001
Process 2 sent message 2-6 to localhost:11002
Process 2 sent message 2-6 to localhost:11003
Process 2 sent message 2-7 to localhost:11001
Process 2 sent message 2-7 to localhost:11002
Process 2 sent message 2-7 to localhost:11003
Process 2 sent message 2-8 to localhost:11001
Process 2 sent message 2-8 to localhost:11002
Process 2 sent message 2-8 to localhost:11003
Process 2 sent message 2-9 to localhost:11001
Process 2 sent message 2-9 to localhost:11002
Process 2 sent message 2-9 to localhost:11003
Process 2 sent message 2-10 to localhost:11001
Process 2 sent message 2-10 to localhost:11002
Process 2 sent message 2-10 to localhost:11003
Process 2 finished broadcasting.
Process 2 sent acknowledgment for message 3-1
Process 2 delivered message 3-1
Process 2 sent acknowledgment for message 2-1
Process 2 delivered message 2-1
Process 2 sent acknowledgment for message 2-2
Process 2 delivered message 2-2
Process 2 sent acknowledgment for message 2-3
Process 2 delivered message 2-3
Process 2 sent acknowledgment for message 3-2
Process 2 delivered message 3-2
Process 2 sent acknowledgment for message 3-3
Process 2 delivered message 3-3
Process 2 sent acknowledgment for message 2-4
Process 2 delivered message 2-4
Process 2 sent acknowledgment for message 3-4
Process 2 delivered message 3-4
Process 2 sent acknowledgment for message 3-5
Process 2 delivered message 3-5
Process 2 sent acknowledgment for message 2-5
Process 2 delivered message 2-5
Process 2 sent acknowledgment for message 3-6
Process 2 delivered message 3-6
Process 2 sent acknowledgment for message 2-6
Process 2 delivered message 2-6
Process 2 sent acknowledgment for message 3-7
Process 2 delivered message 3-7
Process 2 sent acknowledgment for message 2-7
Process 2 delivered message 2-7
Process 2 sent acknowledgment for message 3-8
Process 2 delivered message 3-8
Process 2 sent acknowledgment for message 2-8
Process 2 delivered message 2-8
Process 2 sent acknowledgment for message 2-9
Process 2 delivered message 2-9
Process 2 sent acknowledgment for message 3-9
Process 2 delivered message 3-9
Process 2 sent acknowledgment for message 2-10
Process 2 delivered message 2-10
Process 2 sent acknowledgment for message 3-10
Process 2 delivered message 3-10
Process 2 sent acknowledgment for message 1-1
Process 2 delivered message 1-1
Process 2 sent acknowledgment for message 1-2
Process 2 delivered message 1-2
Process 2 sent acknowledgment for message 1-3
Process 2 delivered message 1-3
Process 2 sent acknowledgment for message 1-4
Process 2 delivered message 1-4
Process 2 sent acknowledgment for message 1-5
Process 2 delivered message 1-5
Process 2 sent acknowledgment for message 1-6
Process 2 delivered message 1-6
Process 2 sent acknowledgment for message 1-7
Process 2 delivered message 1-7
Process 2 sent acknowledgment for message 1-8
Process 2 delivered message 1-8
Process 2 sent acknowledgment for message 1-9
Process 2 delivered message 1-9
Process 2 sent acknowledgment for message 1-10
Process 2 delivered message 1-10
Process 2 ignored duplicate message 3-1
Process 2 ignored duplicate message 3-2
Process 2 ignored duplicate message 3-3
Process 2 ignored duplicate message 3-4
Process 2 ignored duplicate message 3-5
Process 2 ignored duplicate message 3-6
Process 2 ignored duplicate message 3-7
Process 2 ignored duplicate message 3-8
Process 2 ignored duplicate message 3-10
Process 2 ignored duplicate message 3-9
Process 2 retransmitted message 2-1 to localhost:11001
Process 2 retransmitted message 2-1 to localhost:11002
Process 2 retransmitted message 2-1 to localhost:11003
Process 2 ignored duplicate message 2-1
Process 2 retransmitted message 2-2 to localhost:11001
Process 2 retransmitted message 2-2 to localhost:11002
Process 2 retransmitted message 2-2 to localhost:11003
Process 2 ignored duplicate message 2-2
Process 2 retransmitted message 2-3 to localhost:11001
Process 2 retransmitted message 2-3 to localhost:11002
Process 2 ignored duplicate message 2-3
Process 2 retransmitted message 2-3 to localhost:11003
Process 2 retransmitted message 2-4 to localhost:11001
Process 2 retransmitted message 2-4 to localhost:11002
Process 2 ignored duplicate message 2-4
Process 2 retransmitted message 2-4 to localhost:11003
Process 2 retransmitted message 2-5 to localhost:11001
Process 2 retransmitted message 2-5 to localhost:11002
Process 2 ignored duplicate message 2-5
Process 2 retransmitted message 2-5 to localhost:11003
Process 2 retransmitted message 2-6 to localhost:11001
Process 2 retransmitted message 2-6 to localhost:11002
Process 2 ignored duplicate message 2-6
Process 2 retransmitted message 2-6 to localhost:11003
Process 2 retransmitted message 2-7 to localhost:11001
Process 2 retransmitted message 2-7 to localhost:11002
Process 2 retransmitted message 2-7 to localhost:11003
Process 2 ignored duplicate message 2-7
Process 2 retransmitted message 2-8 to localhost:11001
Process 2 retransmitted message 2-8 to localhost:11002
Process 2 ignored duplicate message 2-8
Process 2 retransmitted message 2-8 to localhost:11003
Process 2 retransmitted message 2-10 to localhost:11001
Process 2 retransmitted message 2-10 to localhost:11002
Process 2 ignored duplicate message 2-10
Process 2 retransmitted message 2-10 to localhost:11003
Process 2 retransmitted message 2-9 to localhost:11001
Process 2 retransmitted message 2-9 to localhost:11002
Process 2 retransmitted message 2-9 to localhost:11003
Process 2 ignored duplicate message 2-9
Process 2 ignored duplicate message 3-1
Process 2 ignored duplicate message 3-2
Process 2 ignored duplicate message 3-3
Process 2 ignored duplicate message 3-4
Process 2 ignored duplicate message 3-5
Process 2 ignored duplicate message 3-6
Process 2 ignored duplicate message 3-7
Process 2 ignored duplicate message 3-8
Process 2 ignored duplicate message 3-10
Process 2 ignored duplicate message 3-9
Process 2 retransmitted message 2-1 to localhost:11001
Process 2 retransmitted message 2-1 to localhost:11002
Process 2 ignored duplicate message 2-1
Process 2 retransmitted message 2-1 to localhost:11003
Process 2 retransmitted message 2-2 to localhost:11001
Process 2 retransmitted message 2-2 to localhost:11002
Process 2 ignored duplicate message 2-2
Process 2 retransmitted message 2-2 to localhost:11003
Process 2 retransmitted message 2-3 to localhost:11001
Process 2 retransmitted message 2-3 to localhost:11002
Process 2 retransmitted message 2-3 to localhost:11003
Process 2 ignored duplicate message 2-3
Process 2 retransmitted message 2-4 to localhost:11001
Process 2 retransmitted message 2-4 to localhost:11002
Process 2 retransmitted message 2-4 to localhost:11003
Process 2 ignored duplicate message 2-4
Process 2 retransmitted message 2-5 to localhost:11001
Process 2 retransmitted message 2-5 to localhost:11002
Process 2 ignored duplicate message 2-5
Process 2 retransmitted message 2-5 to localhost:11003
Process 2 retransmitted message 2-6 to localhost:11001
Process 2 retransmitted message 2-6 to localhost:11002
Process 2 ignored duplicate message 2-6
Process 2 retransmitted message 2-6 to localhost:11003
Process 2 retransmitted message 2-7 to localhost:11001
Process 2 retransmitted message 2-7 to localhost:11002
Process 2 ignored duplicate message 2-7
Process 2 retransmitted message 2-7 to localhost:11003
Process 2 retransmitted message 2-8 to localhost:11001
Process 2 retransmitted message 2-8 to localhost:11002
Process 2 ignored duplicate message 2-8
Process 2 retransmitted message 2-8 to localhost:11003
Process 2 retransmitted message 2-10 to localhost:11001
Process 2 retransmitted message 2-10 to localhost:11002
Process 2 ignored duplicate message 2-10
Process 2 retransmitted message 2-10 to localhost:11003
Process 2 retransmitted message 2-9 to localhost:11001
Process 2 retransmitted message 2-9 to localhost:11002
Process 2 ignored duplicate message 2-9
Process 2 retransmitted message 2-9 to localhost:11003
Process 2 ignored duplicate message 3-1
Process 2 ignored duplicate message 3-2
Process 2 ignored duplicate message 3-3
Process 2 ignored duplicate message 3-4
Process 2 ignored duplicate message 3-5
Process 2 ignored duplicate message 3-6
Process 2 ignored duplicate message 3-7
Process 2 ignored duplicate message 3-8
Process 2 ignored duplicate message 3-10
Process 2 ignored duplicate message 3-9
Process 2 retransmitted message 2-1 to localhost:11001
Process 2 retransmitted message 2-1 to localhost:11002
Process 2 retransmitted message 2-1 to localhost:11003
Process 2 ignored duplicate message 2-1
Process 2 retransmitted message 2-2 to localhost:11001
Process 2 retransmitted message 2-2 to localhost:11002
Process 2 ignored duplicate message 2-2
Process 2 retransmitted message 2-2 to localhost:11003
Process 2 retransmitted message 2-3 to localhost:11001
Process 2 retransmitted message 2-3 to localhost:11002
Process 2 ignored duplicate message 2-3
Process 2 retransmitted message 2-3 to localhost:11003
Process 2 retransmitted message 2-4 to localhost:11001
Process 2 retransmitted message 2-4 to localhost:11002
Process 2 ignored duplicate message 2-4
Process 2 retransmitted message 2-4 to localhost:11003
Process 2 retransmitted message 2-5 to localhost:11001
Process 2 retransmitted message 2-5 to localhost:11002
Process 2 ignored duplicate message 2-5
Process 2 retransmitted message 2-5 to localhost:11003
Process 2 retransmitted message 2-6 to localhost:11001
Process 2 retransmitted message 2-6 to localhost:11002
Process 2 ignored duplicate message 2-6
Process 2 retransmitted message 2-6 to localhost:11003
Process 2 retransmitted message 2-7 to localhost:11001
Process 2 retransmitted message 2-7 to localhost:11002
Process 2 ignored duplicate message 2-7
Process 2 retransmitted message 2-7 to localhost:11003
Process 2 retransmitted message 2-8 to localhost:11001
Process 2 retransmitted message 2-8 to localhost:11002
Process 2 ignored duplicate message 2-8
Process 2 retransmitted message 2-8 to localhost:11003
Process 2 retransmitted message 2-10 to localhost:11001
Process 2 retransmitted message 2-10 to localhost:11002
Process 2 ignored duplicate message 2-10
Process 2 retransmitted message 2-10 to localhost:11003
Process 2 retransmitted message 2-9 to localhost:11001
Process 2 retransmitted message 2-9 to localhost:11002
Process 2 ignored duplicate message 2-9
Process 2 retransmitted message 2-9 to localhost:11003
Process 2 ignored duplicate message 3-1
Process 2 ignored duplicate message 3-2
Process 2 ignored duplicate message 3-3
Process 2 ignored duplicate message 3-4
Process 2 ignored duplicate message 3-5
Process 2 ignored duplicate message 3-6
Process 2 ignored duplicate message 3-7
Process 2 ignored duplicate message 3-8
Process 2 ignored duplicate message 3-10
Process 2 ignored duplicate message 3-9
Process 2 retransmitted message 2-1 to localhost:11001
Process 2 retransmitted message 2-1 to localhost:11002
Process 2 retransmitted message 2-1 to localhost:11003
Process 2 ignored duplicate message 2-1
Process 2 retransmitted message 2-2 to localhost:11001
Process 2 retransmitted message 2-2 to localhost:11002
Process 2 retransmitted message 2-2 to localhost:11003
Process 2 ignored duplicate message 2-2
Process 2 retransmitted message 2-3 to localhost:11001
Process 2 retransmitted message 2-3 to localhost:11002
Process 2 retransmitted message 2-3 to localhost:11003
Process 2 ignored duplicate message 2-3
Process 2 retransmitted message 2-4 to localhost:11001
Process 2 retransmitted message 2-4 to localhost:11002
Process 2 retransmitted message 2-4 to localhost:11003
Process 2 ignored duplicate message 2-4
Process 2 retransmitted message 2-5 to localhost:11001
Process 2 retransmitted message 2-5 to localhost:11002
Process 2 ignored duplicate message 2-5
Process 2 retransmitted message 2-5 to localhost:11003
Process 2 retransmitted message 2-6 to localhost:11001
Process 2 retransmitted message 2-6 to localhost:11002
Process 2 retransmitted message 2-6 to localhost:11003
Process 2 ignored duplicate message 2-6
Process 2 retransmitted message 2-7 to localhost:11001
Process 2 retransmitted message 2-7 to localhost:11002
Process 2 retransmitted message 2-7 to localhost:11003
Process 2 ignored duplicate message 2-7
Process 2 retransmitted message 2-8 to localhost:11001
Process 2 retransmitted message 2-8 to localhost:11002
Process 2 retransmitted message 2-8 to localhost:11003
Process 2 ignored duplicate message 2-8
Process 2 retransmitted message 2-10 to localhost:11001
Process 2 retransmitted message 2-10 to localhost:11002
Process 2 retransmitted message 2-10 to localhost:11003
Process 2 ignored duplicate message 2-10
Process 2 retransmitted message 2-9 to localhost:11001
Process 2 retransmitted message 2-9 to localhost:11002
Process 2 retransmitted message 2-9 to localhost:11003
Process 2 ignored duplicate message 2-9
Process 2 ignored duplicate message 3-1
Process 2 ignored duplicate message 3-2
Process 2 ignored duplicate message 3-3
Process 2 ignored duplicate message 3-4
Process 2 ignored duplicate message 3-5
Process 2 ignored duplicate message 3-6
Process 2 ignored duplicate message 3-7
Process 2 ignored duplicate message 3-8
Process 2 ignored duplicate message 3-10
Process 2 ignored duplicate message 3-9
Process 2 retransmitted message 2-1 to localhost:11001
Process 2 retransmitted message 2-1 to localhost:11002
Process 2 retransmitted message 2-1 to localhost:11003
Process 2 ignored duplicate message 2-1
Process 2 retransmitted message 2-2 to localhost:11001
Process 2 retransmitted message 2-2 to localhost:11002
Process 2 retransmitted message 2-2 to localhost:11003
Process 2 ignored duplicate message 2-2
Process 2 retransmitted message 2-3 to localhost:11001
Process 2 retransmitted message 2-3 to localhost:11002
Process 2 ignored duplicate message 2-3
Process 2 retransmitted message 2-3 to localhost:11003
Process 2 retransmitted message 2-4 to localhost:11001
Process 2 retransmitted message 2-4 to localhost:11002
Process 2 ignored duplicate message 2-4
Process 2 retransmitted message 2-4 to localhost:11003
Process 2 retransmitted message 2-5 to localhost:11001
Process 2 retransmitted message 2-5 to localhost:11002
Process 2 ignored duplicate message 2-5
Process 2 retransmitted message 2-5 to localhost:11003
Process 2 retransmitted message 2-6 to localhost:11001
Process 2 retransmitted message 2-6 to localhost:11002
Process 2 ignored duplicate message 2-6
Process 2 retransmitted message 2-6 to localhost:11003
Process 2 retransmitted message 2-7 to localhost:11001
Process 2 retransmitted message 2-7 to localhost:11002
Process 2 ignored duplicate message 2-7
Process 2 retransmitted message 2-7 to localhost:11003
Process 2 retransmitted message 2-8 to localhost:11001
Process 2 retransmitted message 2-8 to localhost:11002
Process 2 ignored duplicate message 2-8
Process 2 retransmitted message 2-8 to localhost:11003
Process 2 retransmitted message 2-10 to localhost:11001
Process 2 retransmitted message 2-10 to localhost:11002
Process 2 ignored duplicate message 2-10
Process 2 retransmitted message 2-10 to localhost:11003
Process 2 retransmitted message 2-9 to localhost:11001
Process 2 retransmitted message 2-9 to localhost:11002
Process 2 ignored duplicate message 2-9
Process 2 retransmitted message 2-9 to localhost:11003
Process 2 ignored duplicate message 3-1
Process 2 ignored duplicate message 3-2
Process 2 ignored duplicate message 3-3
Process 2 ignored duplicate message 3-4
Process 2 ignored duplicate message 3-5
Process 2 ignored duplicate message 3-6
Process 2 ignored duplicate message 3-7
Process 2 ignored duplicate message 3-8
Process 2 ignored duplicate message 3-10
Process 2 ignored duplicate message 3-9
Process 2 retransmitted message 2-1 to localhost:11001
Process 2 retransmitted message 2-1 to localhost:11002
Process 2 retransmitted message 2-1 to localhost:11003
Process 2 ignored duplicate message 2-1
Process 2 retransmitted message 2-2 to localhost:11001
Process 2 retransmitted message 2-2 to localhost:11002
Process 2 ignored duplicate message 2-2
Process 2 retransmitted message 2-2 to localhost:11003
Process 2 retransmitted message 2-3 to localhost:11001
Process 2 retransmitted message 2-3 to localhost:11002
Process 2 ignored duplicate message 2-3
Process 2 retransmitted message 2-3 to localhost:11003
Process 2 retransmitted message 2-4 to localhost:11001
Process 2 retransmitted message 2-4 to localhost:11002
Process 2 retransmitted message 2-4 to localhost:11003
Process 2 ignored duplicate message 2-4
Process 2 retransmitted message 2-5 to localhost:11001
Process 2 retransmitted message 2-5 to localhost:11002
Process 2 retransmitted message 2-5 to localhost:11003
Process 2 ignored duplicate message 2-5
Process 2 retransmitted message 2-6 to localhost:11001
Process 2 retransmitted message 2-6 to localhost:11002
Process 2 ignored duplicate message 2-6
Process 2 retransmitted message 2-6 to localhost:11003
Process 2 retransmitted message 2-7 to localhost:11001
Process 2 retransmitted message 2-7 to localhost:11002
Process 2 ignored duplicate message 2-7
Process 2 retransmitted message 2-7 to localhost:11003
Process 2 retransmitted message 2-8 to localhost:11001
Process 2 retransmitted message 2-8 to localhost:11002
Process 2 ignored duplicate message 2-8
Process 2 retransmitted message 2-8 to localhost:11003
Process 2 retransmitted message 2-10 to localhost:11001
Process 2 retransmitted message 2-10 to localhost:11002
Process 2 ignored duplicate message 2-10
Process 2 retransmitted message 2-10 to localhost:11003
Process 2 retransmitted message 2-9 to localhost:11001
Process 2 retransmitted message 2-9 to localhost:11002
Process 2 ignored duplicate message 2-9
Process 2 retransmitted message 2-9 to localhost:11003
Process 2 ignored duplicate message 3-1
Process 2 ignored duplicate message 3-2
Process 2 ignored duplicate message 3-3
Process 2 ignored duplicate message 3-4
Process 2 ignored duplicate message 3-5
Process 2 ignored duplicate message 3-6
Process 2 ignored duplicate message 3-7
Process 2 ignored duplicate message 3-8
Process 2 ignored duplicate message 3-10
Process 2 ignored duplicate message 3-9
Process 2 retransmitted message 2-1 to localhost:11001
Process 2 retransmitted message 2-1 to localhost:11002
Process 2 retransmitted message 2-1 to localhost:11003
Process 2 ignored duplicate message 2-1
Process 2 retransmitted message 2-2 to localhost:11001
Process 2 retransmitted message 2-2 to localhost:11002
Process 2 retransmitted message 2-2 to localhost:11003
Process 2 ignored duplicate message 2-2
Process 2 retransmitted message 2-3 to localhost:11001
Process 2 retransmitted message 2-3 to localhost:11002
Process 2 retransmitted message 2-3 to localhost:11003
Process 2 ignored duplicate message 2-3
Process 2 retransmitted message 2-4 to localhost:11001
Process 2 retransmitted message 2-4 to localhost:11002
Process 2 retransmitted message 2-4 to localhost:11003
Process 2 ignored duplicate message 2-4
Process 2 retransmitted message 2-5 to localhost:11001
Process 2 retransmitted message 2-5 to localhost:11002
Process 2 retransmitted message 2-5 to localhost:11003
Process 2 ignored duplicate message 2-5
Process 2 retransmitted message 2-6 to localhost:11001
Process 2 retransmitted message 2-6 to localhost:11002
Process 2 retransmitted message 2-6 to localhost:11003
Process 2 ignored duplicate message 2-6
Process 2 retransmitted message 2-7 to localhost:11001
Process 2 retransmitted message 2-7 to localhost:11002
Process 2 retransmitted message 2-7 to localhost:11003
Process 2 ignored duplicate message 2-7
Process 2 retransmitted message 2-8 to localhost:11001
Process 2 retransmitted message 2-8 to localhost:11002
Process 2 retransmitted message 2-8 to localhost:11003
Process 2 ignored duplicate message 2-8
Process 2 retransmitted message 2-10 to localhost:11001
Process 2 retransmitted message 2-10 to localhost:11002
Process 2 retransmitted message 2-10 to localhost:11003
Process 2 ignored duplicate message 2-10
Process 2 retransmitted message 2-9 to localhost:11001
Process 2 retransmitted message 2-9 to localhost:11002
Process 2 retransmitted message 2-9 to localhost:11003
Process 2 ignored duplicate message 2-9
Process 2 ignored duplicate message 3-1
Process 2 ignored duplicate message 3-2
Process 2 ignored duplicate message 3-3
Process 2 ignored duplicate message 3-4
Process 2 ignored duplicate message 3-5
Process 2 ignored duplicate message 3-6
Process 2 ignored duplicate message 3-7
Process 2 ignored duplicate message 3-8
Process 2 ignored duplicate message 3-10
Process 2 ignored duplicate message 3-9
Process 2 retransmitted message 2-1 to localhost:11001
Process 2 retransmitted message 2-1 to localhost:11002
Process 2 ignored duplicate message 2-1
Process 2 retransmitted message 2-1 to localhost:11003
Process 2 retransmitted message 2-2 to localhost:11001
Process 2 retransmitted message 2-2 to localhost:11002
Process 2 retransmitted message 2-2 to localhost:11003
Process 2 ignored duplicate message 2-2
Process 2 retransmitted message 2-3 to localhost:11001
Process 2 retransmitted message 2-3 to localhost:11002
Process 2 retransmitted message 2-3 to localhost:11003
Process 2 ignored duplicate message 2-3
Process 2 retransmitted message 2-4 to localhost:11001
Process 2 retransmitted message 2-4 to localhost:11002
Process 2 retransmitted message 2-4 to localhost:11003
Process 2 ignored duplicate message 2-4
Process 2 retransmitted message 2-5 to localhost:11001
Process 2 retransmitted message 2-5 to localhost:11002
Process 2 ignored duplicate message 2-5
Process 2 retransmitted message 2-5 to localhost:11003
Process 2 retransmitted message 2-6 to localhost:11001
Process 2 retransmitted message 2-6 to localhost:11002
Process 2 ignored duplicate message 2-6
Process 2 retransmitted message 2-6 to localhost:11003
Process 2 retransmitted message 2-7 to localhost:11001
Process 2 retransmitted message 2-7 to localhost:11002
Process 2 ignored duplicate message 2-7
Process 2 retransmitted message 2-7 to localhost:11003
Process 2 retransmitted message 2-8 to localhost:11001
Process 2 retransmitted message 2-8 to localhost:11002
Process 2 retransmitted message 2-8 to localhost:11003
Process 2 ignored duplicate message 2-8
Process 2 retransmitted message 2-10 to localhost:11001
Process 2 retransmitted message 2-10 to localhost:11002
Process 2 retransmitted message 2-10 to localhost:11003
Process 2 ignored duplicate message 2-10
Process 2 retransmitted message 2-9 to localhost:11001
Process 2 retransmitted message 2-9 to localhost:11002
Process 2 retransmitted message 2-9 to localhost:11003
Process 2 ignored duplicate message 2-9
